#
# There is insufficient memory for the Java Runtime Environment to continue.
# Native memory allocation (malloc) failed to allocate 436144 bytes. Error detail: Chunk::new
# Possible reasons:
#   The system is out of physical RAM or swap space
#   This process is running with CompressedOops enabled, and the Java Heap may be blocking the growth of the native heap
# Possible solutions:
#   Reduce memory load on the system
#   Increase physical memory or swap space
#   Check if swap backing store is full
#   Decrease Java heap size (-Xmx/-Xms)
#   Decrease number of Java threads
#   Decrease Java thread stack sizes (-Xss)
#   Set larger code cache with -XX:ReservedCodeCacheSize=
#   JVM is running with Unscaled Compressed Oops mode in which the Java heap is
#     placed in the first 4GB address space. The Java Heap base address is the
#     maximum limit for the native heap growth. Please use -XX:HeapBaseMinAddress
#     to set the Java Heap base and to place the Java Heap above 4GB virtual address.
# This output file may be truncated or incomplete.
#
#  Out of Memory Error (arena.cpp:168), pid=43396, tid=58168
#
# JRE version: OpenJDK Runtime Environment Temurin-21.0.7+6 (21.0.7+6) (build 21.0.7+6-LTS)
# Java VM: OpenJDK 64-Bit Server VM Temurin-21.0.7+6 (21.0.7+6-LTS, mixed mode, sharing, tiered, compressed oops, compressed class ptrs, g1 gc, windows-amd64)
# No core dump will be written. Minidumps are not enabled by default on client versions of Windows
#

---------------  S U M M A R Y ------------

Command Line: -Dmaven.home=EMBEDDED -Dclassworlds.conf=D:\Raja\code\.metadata\.plugins\org.eclipse.m2e.launching\launches\m2conf18086112511544650112.tmp -Dmaven.multiModuleProjectDirectory=D:\Raja\code\employee\employee -Dm2e.build.project.data.socket.port=53054 -Dfile.encoding=UTF-8 -Dstdout.encoding=UTF-8 -Dstderr.encoding=UTF-8 -XX:+ShowCodeDetailsInExceptionMessages org.codehaus.plexus.classworlds.launcher.Launcher -B -Dmaven.test.skip=true -DskipTests -Dstyle.color=always -s D:\Raja\code\settings.xml

Host: Intel(R) Core(TM) i5-8350U CPU @ 1.70GHz, 8 cores, 7G,  Windows 11 , 64 bit Build 26100 (10.0.26100.4768)
Time: Thu Aug 28 17:10:36 2025 Eastern Daylight Time elapsed time: 9.194122 seconds (0d 0h 0m 9s)

---------------  T H R E A D  ---------------

Current thread (0x000001b279ad27f0):  JavaThread "C2 CompilerThread0" daemon [_thread_in_native, id=58168, stack(0x0000007f39d00000,0x0000007f39e00000) (1024K)]


Current CompileTask:
C2:9194 2124       4       jdk.internal.org.objectweb.asm.Frame::execute (2305 bytes)

Stack: [0x0000007f39d00000,0x0000007f39e00000]
Native frames: (J=compiled Java code, j=interpreted, Vv=VM code, C=native code)
V  [jvm.dll+0x6ce119]
V  [jvm.dll+0x8a84a1]
V  [jvm.dll+0x8aa9ce]
V  [jvm.dll+0x8ab0b3]
V  [jvm.dll+0x27f8a6]
V  [jvm.dll+0xc507d]
V  [jvm.dll+0xc55b3]
V  [jvm.dll+0x3b692c]
V  [jvm.dll+0x382aa5]
V  [jvm.dll+0x381f0a]
V  [jvm.dll+0x247af0]
V  [jvm.dll+0x2470cf]
V  [jvm.dll+0x1c760e]
V  [jvm.dll+0x25695a]
V  [jvm.dll+0x254efa]
V  [jvm.dll+0x3f03f6]
V  [jvm.dll+0x851f6b]
V  [jvm.dll+0x6cc7dd]
C  [ucrtbase.dll+0x37b0]
C  [KERNEL32.DLL+0x2e8d7]
C  [ntdll.dll+0x3c34c]


---------------  P R O C E S S  ---------------

Threads class SMR info:
_java_thread_list=0x000001b27eb07300, length=12, elements={
0x000001b26e830680, 0x000001b279a9de10, 0x000001b279a9e570, 0x000001b279aa8b20,
0x000001b279aa9610, 0x000001b279ab6800, 0x000001b279ab6f90, 0x000001b279ad27f0,
0x000001b279abe480, 0x000001b279c40980, 0x000001b279c5c0d0, 0x000001b27e4dd5d0
}

Java Threads: ( => current thread )
  0x000001b26e830680 JavaThread "main"                              [_thread_in_Java, id=35988, stack(0x0000007f38f00000,0x0000007f39000000) (1024K)]
  0x000001b279a9de10 JavaThread "Reference Handler"          daemon [_thread_blocked, id=57904, stack(0x0000007f39700000,0x0000007f39800000) (1024K)]
  0x000001b279a9e570 JavaThread "Finalizer"                  daemon [_thread_blocked, id=48368, stack(0x0000007f39800000,0x0000007f39900000) (1024K)]
  0x000001b279aa8b20 JavaThread "Signal Dispatcher"          daemon [_thread_blocked, id=53736, stack(0x0000007f39900000,0x0000007f39a00000) (1024K)]
  0x000001b279aa9610 JavaThread "Attach Listener"            daemon [_thread_blocked, id=59264, stack(0x0000007f39a00000,0x0000007f39b00000) (1024K)]
  0x000001b279ab6800 JavaThread "Service Thread"             daemon [_thread_blocked, id=24772, stack(0x0000007f39b00000,0x0000007f39c00000) (1024K)]
  0x000001b279ab6f90 JavaThread "Monitor Deflation Thread"   daemon [_thread_blocked, id=57496, stack(0x0000007f39c00000,0x0000007f39d00000) (1024K)]
=>0x000001b279ad27f0 JavaThread "C2 CompilerThread0"         daemon [_thread_in_native, id=58168, stack(0x0000007f39d00000,0x0000007f39e00000) (1024K)]
  0x000001b279abe480 JavaThread "C1 CompilerThread0"         daemon [_thread_in_vm, id=13252, stack(0x0000007f39e00000,0x0000007f39f00000) (1024K)]
  0x000001b279c40980 JavaThread "Notification Thread"        daemon [_thread_blocked, id=56284, stack(0x0000007f39f00000,0x0000007f3a000000) (1024K)]
  0x000001b279c5c0d0 JavaThread "Common-Cleaner"             daemon [_thread_blocked, id=1792, stack(0x0000007f3a000000,0x0000007f3a100000) (1024K)]
  0x000001b27e4dd5d0 JavaThread "C2 CompilerThread1"         daemon [_thread_blocked, id=58848, stack(0x0000007f3a100000,0x0000007f3a200000) (1024K)]
Total: 12

Other Threads:
  0x000001b279a85460 VMThread "VM Thread"                           [id=57664, stack(0x0000007f39600000,0x0000007f39700000) (1024K)]
  0x000001b279a74e10 WatcherThread "VM Periodic Task Thread"        [id=53332, stack(0x0000007f39500000,0x0000007f39600000) (1024K)]
  0x000001b270c4b8e0 WorkerThread "GC Thread#0"                     [id=58696, stack(0x0000007f39000000,0x0000007f39100000) (1024K)]
  0x000001b27e7ea350 WorkerThread "GC Thread#1"                     [id=58544, stack(0x0000007f3a200000,0x0000007f3a300000) (1024K)]
  0x000001b27e7ea6f0 WorkerThread "GC Thread#2"                     [id=57268, stack(0x0000007f3a300000,0x0000007f3a400000) (1024K)]
  0x000001b27e7eaa90 WorkerThread "GC Thread#3"                     [id=6080, stack(0x0000007f3a400000,0x0000007f3a500000) (1024K)]
  0x000001b27e8bd3d0 WorkerThread "GC Thread#4"                     [id=52256, stack(0x0000007f3a500000,0x0000007f3a600000) (1024K)]
  0x000001b27e8bd770 WorkerThread "GC Thread#5"                     [id=5988, stack(0x0000007f3a600000,0x0000007f3a700000) (1024K)]
  0x000001b27eca4c20 WorkerThread "GC Thread#6"                     [id=11208, stack(0x0000007f3a700000,0x0000007f3a800000) (1024K)]
  0x000001b27ec5f980 WorkerThread "GC Thread#7"                     [id=58120, stack(0x0000007f3a800000,0x0000007f3a900000) (1024K)]
  0x000001b270c5c570 ConcurrentGCThread "G1 Main Marker"            [id=54880, stack(0x0000007f39100000,0x0000007f39200000) (1024K)]
  0x000001b270c5f6c0 WorkerThread "G1 Conc#0"                       [id=36696, stack(0x0000007f39200000,0x0000007f39300000) (1024K)]
  0x000001b2799384d0 ConcurrentGCThread "G1 Refine#0"               [id=42972, stack(0x0000007f39300000,0x0000007f39400000) (1024K)]
  0x000001b279938a00 ConcurrentGCThread "G1 Service"                [id=14396, stack(0x0000007f39400000,0x0000007f39500000) (1024K)]
Total: 14

Threads with active compile tasks:
C2 CompilerThread0  9255 2124       4       jdk.internal.org.objectweb.asm.Frame::execute (2305 bytes)
C1 CompilerThread0  9255 2264       3       java.lang.AbstractStringBuilder::shift (37 bytes)
Total: 2

VM state: not at safepoint (normal execution)

VM Mutex/Monitor currently owned by a thread: None

Heap address: 0x0000000081e00000, size: 2018 MB, Compressed Oops mode: 32-bit

CDS archive(s) mapped at: [0x000001b20f000000-0x000001b20fc80000-0x000001b20fc80000), size 13107200, SharedBaseAddress: 0x000001b20f000000, ArchiveRelocationMode: 1.
Compressed class space mapped at: 0x000001b210000000-0x000001b250000000, reserved size: 1073741824
Narrow klass base: 0x000001b20f000000, Narrow klass shift: 0, Narrow klass range: 0x100000000

GC Precious Log:
 CardTable entry size: 512
 Card Set container configuration: InlinePtr #cards 5 size 8 Array Of Cards #cards 12 size 40 Howl #buckets 4 coarsen threshold 1843 Howl Bitmap #cards 512 size 80 coarsen threshold 460 Card regions per heap region 1 cards per card region 2048
 CPUs: 8 total, 8 available
 Memory: 8071M
 Large Page Support: Disabled
 NUMA Support: Disabled
 Compressed Oops: Enabled (32-bit)
 Heap Region Size: 1M
 Heap Min Capacity: 8M
 Heap Initial Capacity: 128M
 Heap Max Capacity: 2018M
 Pre-touch: Disabled
 Parallel Workers: 8
 Concurrent Workers: 2
 Concurrent Refinement Workers: 8
 Periodic GC: Disabled

Heap:
 garbage-first heap   total 131072K, used 17253K [0x0000000081e00000, 0x0000000100000000)
  region size 1024K, 14 young (14336K), 2 survivors (2048K)
 Metaspace       used 13530K, committed 13696K, reserved 1114112K
  class space    used 1583K, committed 1664K, reserved 1048576K

Heap Regions: E=young(eden), S=young(survivor), O=old, HS=humongous(starts), HC=humongous(continues), CS=collection set, F=free, TAMS=top-at-mark-start, PB=parsable bottom
|   0|0x0000000081e00000, 0x0000000081f00000, 0x0000000081f00000|100%| O|  |TAMS 0x0000000081e00000| PB 0x0000000081e00000| Untracked 
|   1|0x0000000081f00000, 0x0000000082000000, 0x0000000082000000|100%| O|  |TAMS 0x0000000081f00000| PB 0x0000000081f00000| Untracked 
|   2|0x0000000082000000, 0x0000000082100000, 0x0000000082100000|100%| O|  |TAMS 0x0000000082000000| PB 0x0000000082000000| Untracked 
|   3|0x0000000082100000, 0x0000000082200000, 0x0000000082200000|100%| O|  |TAMS 0x0000000082100000| PB 0x0000000082100000| Untracked 
|   4|0x0000000082200000, 0x0000000082239cc0, 0x0000000082300000| 22%| O|  |TAMS 0x0000000082200000| PB 0x0000000082200000| Untracked 
|   5|0x0000000082300000, 0x0000000082300000, 0x0000000082400000|  0%| F|  |TAMS 0x0000000082300000| PB 0x0000000082300000| Untracked 
|   6|0x0000000082400000, 0x0000000082400000, 0x0000000082500000|  0%| F|  |TAMS 0x0000000082400000| PB 0x0000000082400000| Untracked 
|   7|0x0000000082500000, 0x0000000082500000, 0x0000000082600000|  0%| F|  |TAMS 0x0000000082500000| PB 0x0000000082500000| Untracked 
|   8|0x0000000082600000, 0x0000000082600000, 0x0000000082700000|  0%| F|  |TAMS 0x0000000082600000| PB 0x0000000082600000| Untracked 
|   9|0x0000000082700000, 0x0000000082700000, 0x0000000082800000|  0%| F|  |TAMS 0x0000000082700000| PB 0x0000000082700000| Untracked 
|  10|0x0000000082800000, 0x0000000082800000, 0x0000000082900000|  0%| F|  |TAMS 0x0000000082800000| PB 0x0000000082800000| Untracked 
|  11|0x0000000082900000, 0x0000000082900000, 0x0000000082a00000|  0%| F|  |TAMS 0x0000000082900000| PB 0x0000000082900000| Untracked 
|  12|0x0000000082a00000, 0x0000000082a00000, 0x0000000082b00000|  0%| F|  |TAMS 0x0000000082a00000| PB 0x0000000082a00000| Untracked 
|  13|0x0000000082b00000, 0x0000000082b00000, 0x0000000082c00000|  0%| F|  |TAMS 0x0000000082b00000| PB 0x0000000082b00000| Untracked 
|  14|0x0000000082c00000, 0x0000000082c00000, 0x0000000082d00000|  0%| F|  |TAMS 0x0000000082c00000| PB 0x0000000082c00000| Untracked 
|  15|0x0000000082d00000, 0x0000000082d00000, 0x0000000082e00000|  0%| F|  |TAMS 0x0000000082d00000| PB 0x0000000082d00000| Untracked 
|  16|0x0000000082e00000, 0x0000000082e00000, 0x0000000082f00000|  0%| F|  |TAMS 0x0000000082e00000| PB 0x0000000082e00000| Untracked 
|  17|0x0000000082f00000, 0x0000000082f00000, 0x0000000083000000|  0%| F|  |TAMS 0x0000000082f00000| PB 0x0000000082f00000| Untracked 
|  18|0x0000000083000000, 0x0000000083000000, 0x0000000083100000|  0%| F|  |TAMS 0x0000000083000000| PB 0x0000000083000000| Untracked 
|  19|0x0000000083100000, 0x0000000083100000, 0x0000000083200000|  0%| F|  |TAMS 0x0000000083100000| PB 0x0000000083100000| Untracked 
|  20|0x0000000083200000, 0x0000000083200000, 0x0000000083300000|  0%| F|  |TAMS 0x0000000083200000| PB 0x0000000083200000| Untracked 
|  21|0x0000000083300000, 0x0000000083300000, 0x0000000083400000|  0%| F|  |TAMS 0x0000000083300000| PB 0x0000000083300000| Untracked 
|  22|0x0000000083400000, 0x0000000083400000, 0x0000000083500000|  0%| F|  |TAMS 0x0000000083400000| PB 0x0000000083400000| Untracked 
|  23|0x0000000083500000, 0x0000000083500000, 0x0000000083600000|  0%| F|  |TAMS 0x0000000083500000| PB 0x0000000083500000| Untracked 
|  24|0x0000000083600000, 0x0000000083600000, 0x0000000083700000|  0%| F|  |TAMS 0x0000000083600000| PB 0x0000000083600000| Untracked 
|  25|0x0000000083700000, 0x0000000083700000, 0x0000000083800000|  0%| F|  |TAMS 0x0000000083700000| PB 0x0000000083700000| Untracked 
|  26|0x0000000083800000, 0x0000000083800000, 0x0000000083900000|  0%| F|  |TAMS 0x0000000083800000| PB 0x0000000083800000| Untracked 
|  27|0x0000000083900000, 0x0000000083900000, 0x0000000083a00000|  0%| F|  |TAMS 0x0000000083900000| PB 0x0000000083900000| Untracked 
|  28|0x0000000083a00000, 0x0000000083a00000, 0x0000000083b00000|  0%| F|  |TAMS 0x0000000083a00000| PB 0x0000000083a00000| Untracked 
|  29|0x0000000083b00000, 0x0000000083b00000, 0x0000000083c00000|  0%| F|  |TAMS 0x0000000083b00000| PB 0x0000000083b00000| Untracked 
|  30|0x0000000083c00000, 0x0000000083c00000, 0x0000000083d00000|  0%| F|  |TAMS 0x0000000083c00000| PB 0x0000000083c00000| Untracked 
|  31|0x0000000083d00000, 0x0000000083d00000, 0x0000000083e00000|  0%| F|  |TAMS 0x0000000083d00000| PB 0x0000000083d00000| Untracked 
|  32|0x0000000083e00000, 0x0000000083e00000, 0x0000000083f00000|  0%| F|  |TAMS 0x0000000083e00000| PB 0x0000000083e00000| Untracked 
|  33|0x0000000083f00000, 0x0000000083f00000, 0x0000000084000000|  0%| F|  |TAMS 0x0000000083f00000| PB 0x0000000083f00000| Untracked 
|  34|0x0000000084000000, 0x0000000084000000, 0x0000000084100000|  0%| F|  |TAMS 0x0000000084000000| PB 0x0000000084000000| Untracked 
|  35|0x0000000084100000, 0x0000000084100000, 0x0000000084200000|  0%| F|  |TAMS 0x0000000084100000| PB 0x0000000084100000| Untracked 
|  36|0x0000000084200000, 0x0000000084200000, 0x0000000084300000|  0%| F|  |TAMS 0x0000000084200000| PB 0x0000000084200000| Untracked 
|  37|0x0000000084300000, 0x0000000084300000, 0x0000000084400000|  0%| F|  |TAMS 0x0000000084300000| PB 0x0000000084300000| Untracked 
|  38|0x0000000084400000, 0x0000000084400000, 0x0000000084500000|  0%| F|  |TAMS 0x0000000084400000| PB 0x0000000084400000| Untracked 
|  39|0x0000000084500000, 0x0000000084500000, 0x0000000084600000|  0%| F|  |TAMS 0x0000000084500000| PB 0x0000000084500000| Untracked 
|  40|0x0000000084600000, 0x0000000084600000, 0x0000000084700000|  0%| F|  |TAMS 0x0000000084600000| PB 0x0000000084600000| Untracked 
|  41|0x0000000084700000, 0x0000000084700000, 0x0000000084800000|  0%| F|  |TAMS 0x0000000084700000| PB 0x0000000084700000| Untracked 
|  42|0x0000000084800000, 0x0000000084800000, 0x0000000084900000|  0%| F|  |TAMS 0x0000000084800000| PB 0x0000000084800000| Untracked 
|  43|0x0000000084900000, 0x0000000084900000, 0x0000000084a00000|  0%| F|  |TAMS 0x0000000084900000| PB 0x0000000084900000| Untracked 
|  44|0x0000000084a00000, 0x0000000084a00000, 0x0000000084b00000|  0%| F|  |TAMS 0x0000000084a00000| PB 0x0000000084a00000| Untracked 
|  45|0x0000000084b00000, 0x0000000084b00000, 0x0000000084c00000|  0%| F|  |TAMS 0x0000000084b00000| PB 0x0000000084b00000| Untracked 
|  46|0x0000000084c00000, 0x0000000084c00000, 0x0000000084d00000|  0%| F|  |TAMS 0x0000000084c00000| PB 0x0000000084c00000| Untracked 
|  47|0x0000000084d00000, 0x0000000084d00000, 0x0000000084e00000|  0%| F|  |TAMS 0x0000000084d00000| PB 0x0000000084d00000| Untracked 
|  48|0x0000000084e00000, 0x0000000084e00000, 0x0000000084f00000|  0%| F|  |TAMS 0x0000000084e00000| PB 0x0000000084e00000| Untracked 
|  49|0x0000000084f00000, 0x0000000084f00000, 0x0000000085000000|  0%| F|  |TAMS 0x0000000084f00000| PB 0x0000000084f00000| Untracked 
|  50|0x0000000085000000, 0x0000000085000000, 0x0000000085100000|  0%| F|  |TAMS 0x0000000085000000| PB 0x0000000085000000| Untracked 
|  51|0x0000000085100000, 0x0000000085100000, 0x0000000085200000|  0%| F|  |TAMS 0x0000000085100000| PB 0x0000000085100000| Untracked 
|  52|0x0000000085200000, 0x0000000085200000, 0x0000000085300000|  0%| F|  |TAMS 0x0000000085200000| PB 0x0000000085200000| Untracked 
|  53|0x0000000085300000, 0x0000000085300000, 0x0000000085400000|  0%| F|  |TAMS 0x0000000085300000| PB 0x0000000085300000| Untracked 
|  54|0x0000000085400000, 0x0000000085400000, 0x0000000085500000|  0%| F|  |TAMS 0x0000000085400000| PB 0x0000000085400000| Untracked 
|  55|0x0000000085500000, 0x0000000085500000, 0x0000000085600000|  0%| F|  |TAMS 0x0000000085500000| PB 0x0000000085500000| Untracked 
|  56|0x0000000085600000, 0x0000000085600000, 0x0000000085700000|  0%| F|  |TAMS 0x0000000085600000| PB 0x0000000085600000| Untracked 
|  57|0x0000000085700000, 0x0000000085700000, 0x0000000085800000|  0%| F|  |TAMS 0x0000000085700000| PB 0x0000000085700000| Untracked 
|  58|0x0000000085800000, 0x0000000085800000, 0x0000000085900000|  0%| F|  |TAMS 0x0000000085800000| PB 0x0000000085800000| Untracked 
|  59|0x0000000085900000, 0x0000000085900000, 0x0000000085a00000|  0%| F|  |TAMS 0x0000000085900000| PB 0x0000000085900000| Untracked 
|  60|0x0000000085a00000, 0x0000000085a00000, 0x0000000085b00000|  0%| F|  |TAMS 0x0000000085a00000| PB 0x0000000085a00000| Untracked 
|  61|0x0000000085b00000, 0x0000000085b00000, 0x0000000085c00000|  0%| F|  |TAMS 0x0000000085b00000| PB 0x0000000085b00000| Untracked 
|  62|0x0000000085c00000, 0x0000000085c00000, 0x0000000085d00000|  0%| F|  |TAMS 0x0000000085c00000| PB 0x0000000085c00000| Untracked 
|  63|0x0000000085d00000, 0x0000000085d00000, 0x0000000085e00000|  0%| F|  |TAMS 0x0000000085d00000| PB 0x0000000085d00000| Untracked 
|  64|0x0000000085e00000, 0x0000000085e00000, 0x0000000085f00000|  0%| F|  |TAMS 0x0000000085e00000| PB 0x0000000085e00000| Untracked 
|  65|0x0000000085f00000, 0x0000000085f00000, 0x0000000086000000|  0%| F|  |TAMS 0x0000000085f00000| PB 0x0000000085f00000| Untracked 
|  66|0x0000000086000000, 0x0000000086000000, 0x0000000086100000|  0%| F|  |TAMS 0x0000000086000000| PB 0x0000000086000000| Untracked 
|  67|0x0000000086100000, 0x0000000086100000, 0x0000000086200000|  0%| F|  |TAMS 0x0000000086100000| PB 0x0000000086100000| Untracked 
|  68|0x0000000086200000, 0x0000000086200000, 0x0000000086300000|  0%| F|  |TAMS 0x0000000086200000| PB 0x0000000086200000| Untracked 
|  69|0x0000000086300000, 0x0000000086300000, 0x0000000086400000|  0%| F|  |TAMS 0x0000000086300000| PB 0x0000000086300000| Untracked 
|  70|0x0000000086400000, 0x0000000086400000, 0x0000000086500000|  0%| F|  |TAMS 0x0000000086400000| PB 0x0000000086400000| Untracked 
|  71|0x0000000086500000, 0x0000000086500000, 0x0000000086600000|  0%| F|  |TAMS 0x0000000086500000| PB 0x0000000086500000| Untracked 
|  72|0x0000000086600000, 0x0000000086600000, 0x0000000086700000|  0%| F|  |TAMS 0x0000000086600000| PB 0x0000000086600000| Untracked 
|  73|0x0000000086700000, 0x0000000086700000, 0x0000000086800000|  0%| F|  |TAMS 0x0000000086700000| PB 0x0000000086700000| Untracked 
|  74|0x0000000086800000, 0x0000000086800000, 0x0000000086900000|  0%| F|  |TAMS 0x0000000086800000| PB 0x0000000086800000| Untracked 
|  75|0x0000000086900000, 0x0000000086900000, 0x0000000086a00000|  0%| F|  |TAMS 0x0000000086900000| PB 0x0000000086900000| Untracked 
|  76|0x0000000086a00000, 0x0000000086a00000, 0x0000000086b00000|  0%| F|  |TAMS 0x0000000086a00000| PB 0x0000000086a00000| Untracked 
|  77|0x0000000086b00000, 0x0000000086b00000, 0x0000000086c00000|  0%| F|  |TAMS 0x0000000086b00000| PB 0x0000000086b00000| Untracked 
|  78|0x0000000086c00000, 0x0000000086c00000, 0x0000000086d00000|  0%| F|  |TAMS 0x0000000086c00000| PB 0x0000000086c00000| Untracked 
|  79|0x0000000086d00000, 0x0000000086d00000, 0x0000000086e00000|  0%| F|  |TAMS 0x0000000086d00000| PB 0x0000000086d00000| Untracked 
|  80|0x0000000086e00000, 0x0000000086e00000, 0x0000000086f00000|  0%| F|  |TAMS 0x0000000086e00000| PB 0x0000000086e00000| Untracked 
|  81|0x0000000086f00000, 0x0000000086f00000, 0x0000000087000000|  0%| F|  |TAMS 0x0000000086f00000| PB 0x0000000086f00000| Untracked 
|  82|0x0000000087000000, 0x0000000087000000, 0x0000000087100000|  0%| F|  |TAMS 0x0000000087000000| PB 0x0000000087000000| Untracked 
|  83|0x0000000087100000, 0x0000000087100000, 0x0000000087200000|  0%| F|  |TAMS 0x0000000087100000| PB 0x0000000087100000| Untracked 
|  84|0x0000000087200000, 0x0000000087200000, 0x0000000087300000|  0%| F|  |TAMS 0x0000000087200000| PB 0x0000000087200000| Untracked 
|  85|0x0000000087300000, 0x0000000087300000, 0x0000000087400000|  0%| F|  |TAMS 0x0000000087300000| PB 0x0000000087300000| Untracked 
|  86|0x0000000087400000, 0x0000000087400000, 0x0000000087500000|  0%| F|  |TAMS 0x0000000087400000| PB 0x0000000087400000| Untracked 
|  87|0x0000000087500000, 0x0000000087500000, 0x0000000087600000|  0%| F|  |TAMS 0x0000000087500000| PB 0x0000000087500000| Untracked 
|  88|0x0000000087600000, 0x0000000087600000, 0x0000000087700000|  0%| F|  |TAMS 0x0000000087600000| PB 0x0000000087600000| Untracked 
|  89|0x0000000087700000, 0x0000000087700000, 0x0000000087800000|  0%| F|  |TAMS 0x0000000087700000| PB 0x0000000087700000| Untracked 
|  90|0x0000000087800000, 0x0000000087800000, 0x0000000087900000|  0%| F|  |TAMS 0x0000000087800000| PB 0x0000000087800000| Untracked 
|  91|0x0000000087900000, 0x0000000087900000, 0x0000000087a00000|  0%| F|  |TAMS 0x0000000087900000| PB 0x0000000087900000| Untracked 
|  92|0x0000000087a00000, 0x0000000087a00000, 0x0000000087b00000|  0%| F|  |TAMS 0x0000000087a00000| PB 0x0000000087a00000| Untracked 
|  93|0x0000000087b00000, 0x0000000087b00000, 0x0000000087c00000|  0%| F|  |TAMS 0x0000000087b00000| PB 0x0000000087b00000| Untracked 
|  94|0x0000000087c00000, 0x0000000087c9f8a0, 0x0000000087d00000| 62%| S|CS|TAMS 0x0000000087c00000| PB 0x0000000087c00000| Complete 
|  95|0x0000000087d00000, 0x0000000087e00000, 0x0000000087e00000|100%| S|CS|TAMS 0x0000000087d00000| PB 0x0000000087d00000| Complete 
|  96|0x0000000087e00000, 0x0000000087e00000, 0x0000000087f00000|  0%| F|  |TAMS 0x0000000087e00000| PB 0x0000000087e00000| Untracked 
|  97|0x0000000087f00000, 0x0000000087f00000, 0x0000000088000000|  0%| F|  |TAMS 0x0000000087f00000| PB 0x0000000087f00000| Untracked 
|  98|0x0000000088000000, 0x0000000088000000, 0x0000000088100000|  0%| F|  |TAMS 0x0000000088000000| PB 0x0000000088000000| Untracked 
|  99|0x0000000088100000, 0x0000000088100000, 0x0000000088200000|  0%| F|  |TAMS 0x0000000088100000| PB 0x0000000088100000| Untracked 
| 100|0x0000000088200000, 0x0000000088200000, 0x0000000088300000|  0%| F|  |TAMS 0x0000000088200000| PB 0x0000000088200000| Untracked 
| 101|0x0000000088300000, 0x0000000088300000, 0x0000000088400000|  0%| F|  |TAMS 0x0000000088300000| PB 0x0000000088300000| Untracked 
| 102|0x0000000088400000, 0x0000000088400000, 0x0000000088500000|  0%| F|  |TAMS 0x0000000088400000| PB 0x0000000088400000| Untracked 
| 103|0x0000000088500000, 0x0000000088500000, 0x0000000088600000|  0%| F|  |TAMS 0x0000000088500000| PB 0x0000000088500000| Untracked 
| 104|0x0000000088600000, 0x0000000088600000, 0x0000000088700000|  0%| F|  |TAMS 0x0000000088600000| PB 0x0000000088600000| Untracked 
| 105|0x0000000088700000, 0x0000000088700000, 0x0000000088800000|  0%| F|  |TAMS 0x0000000088700000| PB 0x0000000088700000| Untracked 
| 106|0x0000000088800000, 0x0000000088800000, 0x0000000088900000|  0%| F|  |TAMS 0x0000000088800000| PB 0x0000000088800000| Untracked 
| 107|0x0000000088900000, 0x0000000088900000, 0x0000000088a00000|  0%| F|  |TAMS 0x0000000088900000| PB 0x0000000088900000| Untracked 
| 108|0x0000000088a00000, 0x0000000088a00000, 0x0000000088b00000|  0%| F|  |TAMS 0x0000000088a00000| PB 0x0000000088a00000| Untracked 
| 109|0x0000000088b00000, 0x0000000088b00000, 0x0000000088c00000|  0%| F|  |TAMS 0x0000000088b00000| PB 0x0000000088b00000| Untracked 
| 110|0x0000000088c00000, 0x0000000088c00000, 0x0000000088d00000|  0%| F|  |TAMS 0x0000000088c00000| PB 0x0000000088c00000| Untracked 
| 111|0x0000000088d00000, 0x0000000088d00000, 0x0000000088e00000|  0%| F|  |TAMS 0x0000000088d00000| PB 0x0000000088d00000| Untracked 
| 112|0x0000000088e00000, 0x0000000088e00000, 0x0000000088f00000|  0%| F|  |TAMS 0x0000000088e00000| PB 0x0000000088e00000| Untracked 
| 113|0x0000000088f00000, 0x0000000088f00000, 0x0000000089000000|  0%| F|  |TAMS 0x0000000088f00000| PB 0x0000000088f00000| Untracked 
| 114|0x0000000089000000, 0x0000000089000000, 0x0000000089100000|  0%| F|  |TAMS 0x0000000089000000| PB 0x0000000089000000| Untracked 
| 115|0x0000000089100000, 0x0000000089100000, 0x0000000089200000|  0%| F|  |TAMS 0x0000000089100000| PB 0x0000000089100000| Untracked 
| 116|0x0000000089200000, 0x0000000089300000, 0x0000000089300000|100%| E|  |TAMS 0x0000000089200000| PB 0x0000000089200000| Complete 
| 117|0x0000000089300000, 0x0000000089400000, 0x0000000089400000|100%| E|CS|TAMS 0x0000000089300000| PB 0x0000000089300000| Complete 
| 118|0x0000000089400000, 0x0000000089500000, 0x0000000089500000|100%| E|CS|TAMS 0x0000000089400000| PB 0x0000000089400000| Complete 
| 119|0x0000000089500000, 0x0000000089600000, 0x0000000089600000|100%| E|CS|TAMS 0x0000000089500000| PB 0x0000000089500000| Complete 
| 120|0x0000000089600000, 0x0000000089700000, 0x0000000089700000|100%| E|CS|TAMS 0x0000000089600000| PB 0x0000000089600000| Complete 
| 121|0x0000000089700000, 0x0000000089800000, 0x0000000089800000|100%| E|CS|TAMS 0x0000000089700000| PB 0x0000000089700000| Complete 
| 122|0x0000000089800000, 0x0000000089900000, 0x0000000089900000|100%| E|CS|TAMS 0x0000000089800000| PB 0x0000000089800000| Complete 
| 123|0x0000000089900000, 0x0000000089a00000, 0x0000000089a00000|100%| E|CS|TAMS 0x0000000089900000| PB 0x0000000089900000| Complete 
| 124|0x0000000089a00000, 0x0000000089b00000, 0x0000000089b00000|100%| E|CS|TAMS 0x0000000089a00000| PB 0x0000000089a00000| Complete 
| 125|0x0000000089b00000, 0x0000000089c00000, 0x0000000089c00000|100%| E|CS|TAMS 0x0000000089b00000| PB 0x0000000089b00000| Complete 
| 126|0x0000000089c00000, 0x0000000089d00000, 0x0000000089d00000|100%| E|CS|TAMS 0x0000000089c00000| PB 0x0000000089c00000| Complete 
| 127|0x0000000089d00000, 0x0000000089e00000, 0x0000000089e00000|100%| E|CS|TAMS 0x0000000089d00000| PB 0x0000000089d00000| Complete 

Card table byte_map: [0x000001b274ca0000,0x000001b2750a0000] _byte_map_base: 0x000001b274891000

Marking Bits: (CMBitMap*) 0x000001b270c4bef0
 Bits: [0x000001b2750a0000, 0x000001b277028000)

Polling page: 0x000001b26e9a0000

Metaspace:

Usage:
  Non-class:     11.68 MB used.
      Class:      1.55 MB used.
       Both:     13.23 MB used.

Virtual space:
  Non-class space:       64.00 MB reserved,      11.81 MB ( 18%) committed,  1 nodes.
      Class space:        1.00 GB reserved,       1.62 MB ( <1%) committed,  1 nodes.
             Both:        1.06 GB reserved,      13.44 MB (  1%) committed. 

Chunk freelists:
   Non-Class:  3.48 MB
       Class:  14.25 MB
        Both:  17.73 MB

MaxMetaspaceSize: unlimited
CompressedClassSpaceSize: 1.00 GB
Initial GC threshold: 21.00 MB
Current GC threshold: 21.00 MB
CDS: on
 - commit_granule_bytes: 65536.
 - commit_granule_words: 8192.
 - virtual_space_node_default_size: 8388608.
 - enlarge_chunks_in_place: 1.
 - use_allocation_guard: 0.


Internal statistics:

num_allocs_failed_limit: 0.
num_arena_births: 114.
num_arena_deaths: 0.
num_vsnodes_births: 2.
num_vsnodes_deaths: 0.
num_space_committed: 215.
num_space_uncommitted: 0.
num_chunks_returned_to_freelist: 0.
num_chunks_taken_from_freelist: 510.
num_chunk_merges: 0.
num_chunk_splits: 348.
num_chunks_enlarged: 292.
num_inconsistent_stats: 0.

CodeHeap 'non-profiled nmethods': size=120000Kb used=891Kb max_used=891Kb free=119108Kb
 bounds [0x000001b207ad0000, 0x000001b207d40000, 0x000001b20f000000]
CodeHeap 'profiled nmethods': size=120000Kb used=4326Kb max_used=4326Kb free=115674Kb
 bounds [0x000001b200000000, 0x000001b200440000, 0x000001b207530000]
CodeHeap 'non-nmethods': size=5760Kb used=1408Kb max_used=1432Kb free=4351Kb
 bounds [0x000001b207530000, 0x000001b2077a0000, 0x000001b207ad0000]
 total_blobs=2764 nmethods=2265 adapters=403
 compilation: enabled
              stopped_count=0, restarted_count=0
 full_count=0

Compilation events (20 events):
Event: 7.173 Thread 0x000001b279abe480 nmethod 2118 0x000001b2003f3f90 code [0x000001b2003f4140, 0x000001b2003f4398]
Event: 7.173 Thread 0x000001b279abe480 2119       3       com.google.inject.internal.AbstractProcessor::visitOther (5 bytes)
Event: 7.173 Thread 0x000001b279abe480 nmethod 2119 0x000001b2003f4490 code [0x000001b2003f4640, 0x000001b2003f47c0]
Event: 7.173 Thread 0x000001b279abe480 2120       3       java.util.WeakHashMap::remove (131 bytes)
Event: 7.173 Thread 0x000001b279ad27f0 2121       4       java.util.ArrayList::elementAt (4 bytes)
Event: 7.174 Thread 0x000001b279abe480 nmethod 2120 0x000001b2003f4890 code [0x000001b2003f4ae0, 0x000001b2003f55f0]
Event: 7.175 Thread 0x000001b279ad27f0 nmethod 2121 0x000001b207ba5490 code [0x000001b207ba5620, 0x000001b207ba56d0]
Event: 7.178 Thread 0x000001b279abe480 2122       1       jdk.internal.org.objectweb.asm.SymbolTable::getClassName (5 bytes)
Event: 7.178 Thread 0x000001b279abe480 nmethod 2122 0x000001b207ba5790 code [0x000001b207ba5920, 0x000001b207ba59e8]
Event: 7.178 Thread 0x000001b279abe480 2123       3       jdk.internal.org.objectweb.asm.SymbolTable::put (150 bytes)
Event: 7.178 Thread 0x000001b279ad27f0 2124       4       jdk.internal.org.objectweb.asm.Frame::execute (2305 bytes)
Event: 7.179 Thread 0x000001b279abe480 nmethod 2123 0x000001b2003f5a10 code [0x000001b2003f5c00, 0x000001b2003f6450]
Event: 7.180 Thread 0x000001b279abe480 2125       3       java.lang.reflect.Proxy$ProxyBuilder::addElementTypes (33 bytes)
Event: 7.180 Thread 0x000001b279abe480 nmethod 2125 0x000001b2003f6710 code [0x000001b2003f6920, 0x000001b2003f6fc8]
Event: 7.180 Thread 0x000001b279abe480 2126       3       jdk.internal.org.objectweb.asm.MethodWriter::putFrame (549 bytes)
Event: 7.184 Thread 0x000001b279abe480 nmethod 2126 0x000001b2003f7290 code [0x000001b2003f7720, 0x000001b2003f9180]
Event: 7.184 Thread 0x000001b279abe480 2127       3       java.util.ArrayList::isClear (21 bytes)
Event: 7.184 Thread 0x000001b279abe480 nmethod 2127 0x000001b2003f9d90 code [0x000001b2003f9f40, 0x000001b2003fa0c0]
Event: 7.184 Thread 0x000001b279abe480 2128       3       java.util.concurrent.TimeUnit::toMillis (69 bytes)
Event: 7.185 Thread 0x000001b279abe480 nmethod 2128 0x000001b2003fa190 code [0x000001b2003fa360, 0x000001b2003fa650]

GC Heap History (4 events):
Event: 1.223 GC heap before
{Heap before GC invocations=0 (full 0):
 garbage-first heap   total 131072K, used 23552K [0x0000000081e00000, 0x0000000100000000)
  region size 1024K, 23 young (23552K), 0 survivors (0K)
 Metaspace       used 7467K, committed 7616K, reserved 1114112K
  class space    used 846K, committed 960K, reserved 1048576K
}
Event: 1.232 GC heap after
{Heap after GC invocations=1 (full 0):
 garbage-first heap   total 131072K, used 4309K [0x0000000081e00000, 0x0000000100000000)
  region size 1024K, 3 young (3072K), 3 survivors (3072K)
 Metaspace       used 7467K, committed 7616K, reserved 1114112K
  class space    used 846K, committed 960K, reserved 1048576K
}
Event: 3.935 GC heap before
{Heap before GC invocations=1 (full 0):
 garbage-first heap   total 131072K, used 34005K [0x0000000081e00000, 0x0000000100000000)
  region size 1024K, 32 young (32768K), 3 survivors (3072K)
 Metaspace       used 11181K, committed 11392K, reserved 1114112K
  class space    used 1291K, committed 1408K, reserved 1048576K
}
Event: 3.939 GC heap after
{Heap after GC invocations=2 (full 0):
 garbage-first heap   total 131072K, used 5989K [0x0000000081e00000, 0x0000000100000000)
  region size 1024K, 2 young (2048K), 2 survivors (2048K)
 Metaspace       used 11181K, committed 11392K, reserved 1114112K
  class space    used 1291K, committed 1408K, reserved 1048576K
}

Dll operation events (8 events):
Event: 0.012 Loaded shared library D:\Raja\SW\spring-tool-sute\sts-4.31.0.RELEASE\plugins\org.eclipse.justj.openjdk.hotspot.jre.full.win32.x86_64_21.0.7.v20250502-0916\jre\bin\java.dll
Event: 0.041 Loaded shared library D:\Raja\SW\spring-tool-sute\sts-4.31.0.RELEASE\plugins\org.eclipse.justj.openjdk.hotspot.jre.full.win32.x86_64_21.0.7.v20250502-0916\jre\bin\zip.dll
Event: 0.065 Loaded shared library D:\Raja\SW\spring-tool-sute\sts-4.31.0.RELEASE\plugins\org.eclipse.justj.openjdk.hotspot.jre.full.win32.x86_64_21.0.7.v20250502-0916\jre\bin\net.dll
Event: 0.067 Loaded shared library D:\Raja\SW\spring-tool-sute\sts-4.31.0.RELEASE\plugins\org.eclipse.justj.openjdk.hotspot.jre.full.win32.x86_64_21.0.7.v20250502-0916\jre\bin\nio.dll
Event: 0.071 Loaded shared library D:\Raja\SW\spring-tool-sute\sts-4.31.0.RELEASE\plugins\org.eclipse.justj.openjdk.hotspot.jre.full.win32.x86_64_21.0.7.v20250502-0916\jre\bin\zip.dll
Event: 0.237 Loaded shared library D:\Raja\SW\spring-tool-sute\sts-4.31.0.RELEASE\plugins\org.eclipse.justj.openjdk.hotspot.jre.full.win32.x86_64_21.0.7.v20250502-0916\jre\bin\jimage.dll
Event: 0.302 Loaded shared library C:\Users\Admin\AppData\Local\Temp\jansi-2.4.1-641d27708fc04456-jansi.dll
Event: 4.089 Loaded shared library D:\Raja\SW\spring-tool-sute\sts-4.31.0.RELEASE\plugins\org.eclipse.justj.openjdk.hotspot.jre.full.win32.x86_64_21.0.7.v20250502-0916\jre\bin\verify.dll

Deoptimization events (20 events):
Event: 3.968 Thread 0x000001b26e830680 Uncommon trap: trap_request=0xffffffd6 fr.pc=0x000001b207b971a4 relative=0x0000000000000184
Event: 3.968 Thread 0x000001b26e830680 Uncommon trap: reason=array_check action=maybe_recompile pc=0x000001b207b971a4 method=java.util.stream.Nodes$FixedNodeBuilder.accept(Ljava/lang/Object;)V @ 28 c2
Event: 3.968 Thread 0x000001b26e830680 DEOPT PACKING pc=0x000001b207b971a4 sp=0x0000007f38ffe3a0
Event: 3.968 Thread 0x000001b26e830680 DEOPT UNPACKING pc=0x000001b2075846a2 sp=0x0000007f38ffe340 mode 2
Event: 3.968 Thread 0x000001b26e830680 Uncommon trap: trap_request=0xffffffd6 fr.pc=0x000001b207b971a4 relative=0x0000000000000184
Event: 3.968 Thread 0x000001b26e830680 Uncommon trap: reason=array_check action=maybe_recompile pc=0x000001b207b971a4 method=java.util.stream.Nodes$FixedNodeBuilder.accept(Ljava/lang/Object;)V @ 28 c2
Event: 3.968 Thread 0x000001b26e830680 DEOPT PACKING pc=0x000001b207b971a4 sp=0x0000007f38ffe380
Event: 3.968 Thread 0x000001b26e830680 DEOPT UNPACKING pc=0x000001b2075846a2 sp=0x0000007f38ffe320 mode 2
Event: 4.083 Thread 0x000001b26e830680 Uncommon trap: trap_request=0xffffff45 fr.pc=0x000001b207b12278 relative=0x0000000000000318
Event: 4.083 Thread 0x000001b26e830680 Uncommon trap: reason=unstable_if action=reinterpret pc=0x000001b207b12278 method=java.util.concurrent.ConcurrentHashMap.get(Ljava/lang/Object;)Ljava/lang/Object; @ 76 c2
Event: 4.083 Thread 0x000001b26e830680 DEOPT PACKING pc=0x000001b207b12278 sp=0x0000007f38ffb7d0
Event: 4.083 Thread 0x000001b26e830680 DEOPT UNPACKING pc=0x000001b2075846a2 sp=0x0000007f38ffb748 mode 2
Event: 7.137 Thread 0x000001b26e830680 Uncommon trap: trap_request=0xffffff45 fr.pc=0x000001b207b5fd78 relative=0x0000000000000238
Event: 7.137 Thread 0x000001b26e830680 Uncommon trap: reason=unstable_if action=reinterpret pc=0x000001b207b5fd78 method=java.lang.ClassLoader.checkName(Ljava/lang/String;)Z @ 1 c2
Event: 7.137 Thread 0x000001b26e830680 DEOPT PACKING pc=0x000001b207b5fd78 sp=0x0000007f38ffdfa0
Event: 7.137 Thread 0x000001b26e830680 DEOPT UNPACKING pc=0x000001b2075846a2 sp=0x0000007f38ffdf38 mode 2
Event: 7.151 Thread 0x000001b26e830680 Uncommon trap: trap_request=0xffffff45 fr.pc=0x000001b207b99c70 relative=0x0000000000000330
Event: 7.151 Thread 0x000001b26e830680 Uncommon trap: reason=unstable_if action=reinterpret pc=0x000001b207b99c70 method=jdk.internal.org.objectweb.asm.SymbolTable.put(Ljdk/internal/org/objectweb/asm/SymbolTable$Entry;)Ljdk/internal/org/objectweb/asm/SymbolTable$Entry; @ 13 c2
Event: 7.151 Thread 0x000001b26e830680 DEOPT PACKING pc=0x000001b207b99c70 sp=0x0000007f38ffdc60
Event: 7.151 Thread 0x000001b26e830680 DEOPT UNPACKING pc=0x000001b2075846a2 sp=0x0000007f38ffdbe0 mode 2

Classes loaded (20 events):
Event: 4.031 Loading class java/nio/channels/FileLock
Event: 4.031 Loading class java/nio/channels/FileLock done
Event: 4.048 Loading class java/nio/file/AccessDeniedException
Event: 4.048 Loading class java/nio/file/FileSystemException
Event: 4.048 Loading class java/nio/file/FileSystemException done
Event: 4.048 Loading class java/nio/file/AccessDeniedException done
Event: 4.079 Loading class java/lang/ExceptionInInitializerError
Event: 4.079 Loading class java/lang/ExceptionInInitializerError done
Event: 4.080 Loading class sun/misc/Unsafe
Event: 4.080 Loading class sun/misc/Unsafe done
Event: 4.080 Loading class java/lang/invoke/DirectMethodHandle$StaticAccessor
Event: 4.081 Loading class java/lang/invoke/DirectMethodHandle$StaticAccessor done
Event: 4.083 Loading class jdk/internal/vm/annotation/ForceInline
Event: 4.083 Loading class jdk/internal/vm/annotation/ForceInline done
Event: 4.109 Loading class sun/invoke/util/ValueConversions$1
Event: 4.109 Loading class sun/invoke/util/ValueConversions$1 done
Event: 4.110 Loading class java/lang/invoke/BoundMethodHandle$Species_LI
Event: 4.110 Loading class java/lang/invoke/BoundMethodHandle$Species_LI done
Event: 7.133 Loading class jdk/internal/org/objectweb/asm/ClassReader
Event: 7.136 Loading class jdk/internal/org/objectweb/asm/ClassReader done

Classes unloaded (0 events):
No events

Classes redefined (0 events):
No events

Internal exceptions (20 events):
Event: 0.451 Thread 0x000001b26e830680 Exception <a 'java/lang/NullPointerException'{0x0000000089643128}> (0x0000000089643128) 
thrown [s\src\hotspot\share\interpreter\linkResolver.cpp, line 1372]
Event: 0.522 Thread 0x000001b26e830680 Exception <a 'java/lang/NoSuchMethodError'{0x000000008951e900}: 'java.lang.Object java.lang.invoke.DirectMethodHandle$Holder.invokeSpecialIFC(java.lang.Object, java.lang.Object, java.lang.Object, java.lang.Object)'> (0x000000008951e900) 
thrown [s\src\hotspot\share\interpreter\linkResolver.cpp, line 773]
Event: 0.754 Thread 0x000001b26e830680 Exception <a 'java/lang/NoSuchMethodError'{0x000000008922c230}: 'void java.lang.invoke.DirectMethodHandle$Holder.invokeVirtual(java.lang.Object, java.lang.Object)'> (0x000000008922c230) 
thrown [s\src\hotspot\share\interpreter\linkResolver.cpp, line 773]
Event: 0.961 Thread 0x000001b26e830680 Exception <a 'java/lang/NoSuchMethodError'{0x0000000088e99bd8}: 'void java.lang.invoke.DirectMethodHandle$Holder.invokeSpecial(java.lang.Object, java.lang.Object, java.lang.Object)'> (0x0000000088e99bd8) 
thrown [s\src\hotspot\share\interpreter\linkResolver.cpp, line 773]
Event: 1.007 Thread 0x000001b26e830680 Exception <a 'java/lang/NoSuchMethodError'{0x0000000088deec50}: 'java.lang.Object java.lang.invoke.DirectMethodHandle$Holder.invokeInterface(java.lang.Object, java.lang.Object)'> (0x0000000088deec50) 
thrown [s\src\hotspot\share\interpreter\linkResolver.cpp, line 773]
Event: 1.033 Thread 0x000001b26e830680 Exception <a 'java/lang/NoSuchMethodError'{0x0000000088c8cb40}: 'int java.lang.invoke.DirectMethodHandle$Holder.invokeStatic(java.lang.Object, java.lang.Object, java.lang.Object, java.lang.Object)'> (0x0000000088c8cb40) 
thrown [s\src\hotspot\share\interpreter\linkResolver.cpp, line 773]
Event: 1.034 Thread 0x000001b26e830680 Exception <a 'java/lang/NoSuchMethodError'{0x0000000088c90210}: 'java.lang.Object java.lang.invoke.Invokers$Holder.invokeExact_MT(java.lang.Object, java.lang.Object, java.lang.Object, java.lang.Object, java.lang.Object, java.lang.Object)'> (0x0000000088c90210) 
thrown [s\src\hotspot\share\interpreter\linkResolver.cpp, line 773]
Event: 1.037 Thread 0x000001b26e830680 Exception <a 'java/lang/NoSuchMethodError'{0x0000000088ca25e0}: 'int java.lang.invoke.DirectMethodHandle$Holder.invokeSpecialIFC(java.lang.Object, java.lang.Object, java.lang.Object, java.lang.Object, java.lang.Object)'> (0x0000000088ca25e0) 
thrown [s\src\hotspot\share\interpreter\linkResolver.cpp, line 773]
Event: 1.111 Thread 0x000001b26e830680 Exception <a 'java/lang/NoSuchMethodError'{0x0000000088a2e370}: 'java.lang.Object java.lang.invoke.DirectMethodHandle$Holder.newInvokeSpecial(java.lang.Object, java.lang.Object, java.lang.Object, java.lang.Object, java.lang.Object)'> (0x0000000088a2e370) 
thrown [s\src\hotspot\share\interpreter\linkResolver.cpp, line 773]
Event: 1.154 Thread 0x000001b26e830680 Exception <a 'java/lang/NoSuchMethodError'{0x000000008894a130}: 'int java.lang.invoke.DirectMethodHandle$Holder.invokeStaticInit(java.lang.Object, java.lang.Object)'> (0x000000008894a130) 
thrown [s\src\hotspot\share\interpreter\linkResolver.cpp, line 773]
Event: 1.164 Thread 0x000001b26e830680 Exception <a 'java/lang/NoClassDefFoundError'{0x00000000889813e8}: javax/enterprise/inject/Typed> (0x00000000889813e8) 
thrown [s\src\hotspot\share\classfile\systemDictionary.cpp, line 301]
Event: 4.076 Thread 0x000001b26e830680 Exception <a 'java/lang/NoSuchMethodError'{0x00000000897efa18}: 'void java.lang.invoke.DirectMethodHandle$Holder.invokeStaticInit(java.lang.Object, java.lang.Object, java.lang.Object)'> (0x00000000897efa18) 
thrown [s\src\hotspot\share\interpreter\linkResolver.cpp, line 773]
Event: 4.082 Thread 0x000001b26e830680 Exception <a 'java/lang/ExceptionInInitializerError'{0x000000008961e028}> (0x000000008961e028) 
thrown [s\src\hotspot\share\oops\instanceKlass.cpp, line 1220]
Event: 4.110 Thread 0x000001b26e830680 Exception <a 'java/lang/NoSuchMethodError'{0x000000008952c3f8}: 'long java.lang.invoke.DirectMethodHandle$Holder.invokeStatic(java.lang.Object, java.lang.Object, int)'> (0x000000008952c3f8) 
thrown [s\src\hotspot\share\interpreter\linkResolver.cpp, line 773]
Event: 4.111 Thread 0x000001b26e830680 Exception <a 'java/lang/NoSuchMethodError'{0x000000008953f950}: 'java.lang.Object java.lang.invoke.DirectMethodHandle$Holder.invokeStatic(java.lang.Object, java.lang.Object, java.lang.Object, java.lang.Object, int)'> (0x000000008953f950) 
thrown [s\src\hotspot\share\interpreter\linkResolver.cpp, line 773]
Event: 4.111 Thread 0x000001b26e830680 Exception <a 'java/lang/NoSuchMethodError'{0x0000000089547b28}: 'java.lang.Object java.lang.invoke.DirectMethodHandle$Holder.invokeSpecial(java.lang.Object, java.lang.Object, java.lang.Object, java.lang.Object, long)'> (0x0000000089547b28) 
thrown [s\src\hotspot\share\interpreter\linkResolver.cpp, line 773]
Event: 4.113 Thread 0x000001b26e830680 Exception <a 'java/lang/NoSuchMethodError'{0x00000000895536a0}: 'java.lang.Object java.lang.invoke.DirectMethodHandle$Holder.invokeSpecial(java.lang.Object, java.lang.Object, java.lang.Object, int, java.lang.Object)'> (0x00000000895536a0) 
thrown [s\src\hotspot\share\interpreter\linkResolver.cpp, line 773]
Event: 7.130 Thread 0x000001b26e830680 Exception <a 'java/lang/NoSuchMethodError'{0x000000008955b9f0}: 'int java.lang.invoke.DirectMethodHandle$Holder.invokeSpecial(java.lang.Object, java.lang.Object, java.lang.Object, int)'> (0x000000008955b9f0) 
thrown [s\src\hotspot\share\interpreter\linkResolver.cpp, line 773]
Event: 7.137 Thread 0x000001b26e830680 Implicit null exception at 0x000001b207b5fb60 to 0x000001b207b5fd64
Event: 7.141 Thread 0x000001b26e830680 Exception <a 'java/lang/NoSuchMethodError'{0x0000000089580888}: 'java.lang.Object java.lang.invoke.Invokers$Holder.invokeExact_MT(java.lang.Object, int, java.lang.Object)'> (0x0000000089580888) 
thrown [s\src\hotspot\share\interpreter\linkResolver.cpp, line 773]

ZGC Phase Switch (0 events):
No events

VM Operations (20 events):
Event: 1.223 Executing VM operation: G1CollectForAllocation (G1 Evacuation Pause)
Event: 1.232 Executing VM operation: G1CollectForAllocation (G1 Evacuation Pause) done
Event: 2.240 Executing VM operation: Cleanup
Event: 2.240 Executing VM operation: Cleanup done
Event: 3.248 Executing VM operation: Cleanup
Event: 3.248 Executing VM operation: Cleanup done
Event: 3.746 Executing VM operation: HandshakeAllThreads (Deoptimize)
Event: 3.746 Executing VM operation: HandshakeAllThreads (Deoptimize) done
Event: 3.810 Executing VM operation: HandshakeAllThreads (Deoptimize)
Event: 3.810 Executing VM operation: HandshakeAllThreads (Deoptimize) done
Event: 3.935 Executing VM operation: G1CollectForAllocation (G1 Evacuation Pause)
Event: 3.939 Executing VM operation: G1CollectForAllocation (G1 Evacuation Pause) done
Event: 4.090 Executing VM operation: HandshakeAllThreads (Deoptimize)
Event: 4.090 Executing VM operation: HandshakeAllThreads (Deoptimize) done
Event: 5.098 Executing VM operation: Cleanup
Event: 5.129 Executing VM operation: Cleanup done
Event: 7.143 Executing VM operation: Cleanup
Event: 7.143 Executing VM operation: Cleanup done
Event: 8.158 Executing VM operation: Cleanup
Event: 8.158 Executing VM operation: Cleanup done

Memory protections (0 events):
No events

Nmethod flushes (0 events):
No events

Events (15 events):
Event: 0.030 Thread 0x000001b26e830680 Thread added: 0x000001b26e830680
Event: 0.042 Thread 0x000001b26e830680 Thread added: 0x000001b279a9de10
Event: 0.042 Thread 0x000001b26e830680 Thread added: 0x000001b279a9e570
Event: 0.042 Thread 0x000001b26e830680 Thread added: 0x000001b279aa8b20
Event: 0.042 Thread 0x000001b26e830680 Thread added: 0x000001b279aa9610
Event: 0.042 Thread 0x000001b26e830680 Thread added: 0x000001b279ab6800
Event: 0.043 Thread 0x000001b26e830680 Thread added: 0x000001b279ab6f90
Event: 0.043 Thread 0x000001b26e830680 Thread added: 0x000001b279ad27f0
Event: 0.043 Thread 0x000001b26e830680 Thread added: 0x000001b279abe480
Event: 0.058 Thread 0x000001b26e830680 Thread added: 0x000001b279c40980
Event: 0.060 Thread 0x000001b26e830680 Thread added: 0x000001b279c5c0d0
Event: 0.196 Thread 0x000001b279abe480 Thread added: 0x000001b279eb74b0
Event: 0.235 Thread 0x000001b26e830680 Thread added: 0x000001b27e0d63f0
Event: 0.502 Thread 0x000001b27e0d63f0 Thread exited: 0x000001b27e0d63f0
Event: 7.130 Thread 0x000001b279eb74b0 Thread exited: 0x000001b279eb74b0


Dynamic libraries:
0x00007ff6c0cc0000 - 0x00007ff6c0cce000 	D:\Raja\SW\spring-tool-sute\sts-4.31.0.RELEASE\plugins\org.eclipse.justj.openjdk.hotspot.jre.full.win32.x86_64_21.0.7.v20250502-0916\jre\bin\javaw.exe
0x00007ff8ccda0000 - 0x00007ff8cd007000 	C:\WINDOWS\SYSTEM32\ntdll.dll
0x00007ff8cb4f0000 - 0x00007ff8cb5b9000 	C:\WINDOWS\System32\KERNEL32.DLL
0x00007ff8ca3c0000 - 0x00007ff8ca7b0000 	C:\WINDOWS\System32\KERNELBASE.dll
0x00007ff8c9ed0000 - 0x00007ff8ca01b000 	C:\WINDOWS\System32\ucrtbase.dll
0x00007ff8b8b30000 - 0x00007ff8b8b4e000 	D:\Raja\SW\spring-tool-sute\sts-4.31.0.RELEASE\plugins\org.eclipse.justj.openjdk.hotspot.jre.full.win32.x86_64_21.0.7.v20250502-0916\jre\bin\VCRUNTIME140.dll
0x00007ff8b7bb0000 - 0x00007ff8b7bc8000 	D:\Raja\SW\spring-tool-sute\sts-4.31.0.RELEASE\plugins\org.eclipse.justj.openjdk.hotspot.jre.full.win32.x86_64_21.0.7.v20250502-0916\jre\bin\jli.dll
0x00007ff8cb010000 - 0x00007ff8cb1d5000 	C:\WINDOWS\System32\USER32.dll
0x00007ff8ca2e0000 - 0x00007ff8ca307000 	C:\WINDOWS\System32\win32u.dll
0x00007ff8cbeb0000 - 0x00007ff8cbedb000 	C:\WINDOWS\System32\GDI32.dll
0x00007ff8b2ab0000 - 0x00007ff8b2d4a000 	C:\WINDOWS\WinSxS\amd64_microsoft.windows.common-controls_6595b64144ccf1df_6.0.26100.4768_none_3e0c112ce331287c\COMCTL32.dll
0x00007ff8ca020000 - 0x00007ff8ca158000 	C:\WINDOWS\System32\gdi32full.dll
0x00007ff8cbca0000 - 0x00007ff8cbd49000 	C:\WINDOWS\System32\msvcrt.dll
0x00007ff8ca310000 - 0x00007ff8ca3b3000 	C:\WINDOWS\System32\msvcp_win.dll
0x00007ff8cc6f0000 - 0x00007ff8cc71f000 	C:\WINDOWS\System32\IMM32.DLL
0x0000000065160000 - 0x000000006516c000 	C:\Program Files (x86)\360\Total Security\safemon\SafeWrapper.dll
0x00007ff8cc630000 - 0x00007ff8cc6e4000 	C:\WINDOWS\System32\ADVAPI32.dll
0x00007ff8cb3d0000 - 0x00007ff8cb476000 	C:\WINDOWS\System32\sechost.dll
0x00007ff8ccaf0000 - 0x00007ff8ccc08000 	C:\WINDOWS\System32\RPCRT4.dll
0x00007ff87c610000 - 0x00007ff87c6bc000 	C:\Program Files (x86)\360\Total Security\safemon\libzdtp64.dll
0x00007ff8cbee0000 - 0x00007ff8cc62d000 	C:\WINDOWS\System32\SHELL32.dll
0x00007ff8ca160000 - 0x00007ff8ca2d3000 	C:\WINDOWS\System32\wintypes.dll
0x00007ff8cc730000 - 0x00007ff8ccab5000 	C:\WINDOWS\System32\combase.dll
0x00007ff8cb480000 - 0x00007ff8cb4ea000 	C:\WINDOWS\System32\SHLWAPI.dll
0x00007ff8c9940000 - 0x00007ff8c994b000 	C:\WINDOWS\SYSTEM32\VERSION.dll
0x00007ff8b36c0000 - 0x00007ff8b36cc000 	D:\Raja\SW\spring-tool-sute\sts-4.31.0.RELEASE\plugins\org.eclipse.justj.openjdk.hotspot.jre.full.win32.x86_64_21.0.7.v20250502-0916\jre\bin\vcruntime140_1.dll
0x00007ff87c580000 - 0x00007ff87c60d000 	D:\Raja\SW\spring-tool-sute\sts-4.31.0.RELEASE\plugins\org.eclipse.justj.openjdk.hotspot.jre.full.win32.x86_64_21.0.7.v20250502-0916\jre\bin\msvcp140.dll
0x00007ff852590000 - 0x00007ff853320000 	D:\Raja\SW\spring-tool-sute\sts-4.31.0.RELEASE\plugins\org.eclipse.justj.openjdk.hotspot.jre.full.win32.x86_64_21.0.7.v20250502-0916\jre\bin\server\jvm.dll
0x00007ff8cab40000 - 0x00007ff8cabb4000 	C:\WINDOWS\System32\WS2_32.dll
0x00007ff8c9d50000 - 0x00007ff8c9dae000 	C:\WINDOWS\SYSTEM32\POWRPROF.dll
0x00007ff8b5b60000 - 0x00007ff8b5b95000 	C:\WINDOWS\SYSTEM32\WINMM.dll
0x00007ff8c9d30000 - 0x00007ff8c9d44000 	C:\WINDOWS\SYSTEM32\UMPDC.dll
0x00007ff8c8ba0000 - 0x00007ff8c8bbb000 	C:\WINDOWS\SYSTEM32\kernel.appcore.dll
0x00007ff8c47a0000 - 0x00007ff8c47aa000 	D:\Raja\SW\spring-tool-sute\sts-4.31.0.RELEASE\plugins\org.eclipse.justj.openjdk.hotspot.jre.full.win32.x86_64_21.0.7.v20250502-0916\jre\bin\jimage.dll
0x00007ff8c6e00000 - 0x00007ff8c7041000 	C:\WINDOWS\SYSTEM32\DBGHELP.DLL
0x00007ff8cad70000 - 0x00007ff8cae50000 	C:\WINDOWS\System32\OLEAUT32.dll
0x00007ff8add50000 - 0x00007ff8add93000 	C:\WINDOWS\SYSTEM32\dbgcore.DLL
0x00007ff8caa90000 - 0x00007ff8cab29000 	C:\WINDOWS\System32\bcryptPrimitives.dll
0x00007ff8c4780000 - 0x00007ff8c479f000 	D:\Raja\SW\spring-tool-sute\sts-4.31.0.RELEASE\plugins\org.eclipse.justj.openjdk.hotspot.jre.full.win32.x86_64_21.0.7.v20250502-0916\jre\bin\java.dll
0x00007ff8c7a20000 - 0x00007ff8c8280000 	C:\WINDOWS\SYSTEM32\windows.storage.dll
0x00007ff8cbd60000 - 0x00007ff8cbe55000 	C:\WINDOWS\System32\SHCORE.dll
0x00007ff8c9df0000 - 0x00007ff8c9e19000 	C:\WINDOWS\SYSTEM32\profapi.dll
0x00007ff8c4730000 - 0x00007ff8c4748000 	D:\Raja\SW\spring-tool-sute\sts-4.31.0.RELEASE\plugins\org.eclipse.justj.openjdk.hotspot.jre.full.win32.x86_64_21.0.7.v20250502-0916\jre\bin\zip.dll
0x00007ff8c4770000 - 0x00007ff8c4780000 	D:\Raja\SW\spring-tool-sute\sts-4.31.0.RELEASE\plugins\org.eclipse.justj.openjdk.hotspot.jre.full.win32.x86_64_21.0.7.v20250502-0916\jre\bin\net.dll
0x00007ff8be780000 - 0x00007ff8be89e000 	C:\WINDOWS\SYSTEM32\WINHTTP.dll
0x00007ff8c9110000 - 0x00007ff8c917b000 	C:\WINDOWS\system32\mswsock.dll
0x00007ff8c08d0000 - 0x00007ff8c08e6000 	D:\Raja\SW\spring-tool-sute\sts-4.31.0.RELEASE\plugins\org.eclipse.justj.openjdk.hotspot.jre.full.win32.x86_64_21.0.7.v20250502-0916\jre\bin\nio.dll
0x00007ff8b2a80000 - 0x00007ff8b2aa4000 	C:\Users\Admin\AppData\Local\Temp\jansi-2.4.1-641d27708fc04456-jansi.dll
0x00007ff8c4720000 - 0x00007ff8c4730000 	D:\Raja\SW\spring-tool-sute\sts-4.31.0.RELEASE\plugins\org.eclipse.justj.openjdk.hotspot.jre.full.win32.x86_64_21.0.7.v20250502-0916\jre\bin\verify.dll

dbghelp: loaded successfully - version: 4.0.5 - missing functions: none
symbol engine: initialized successfully - sym options: 0x614 - pdb path: .;D:\Raja\SW\spring-tool-sute\sts-4.31.0.RELEASE\plugins\org.eclipse.justj.openjdk.hotspot.jre.full.win32.x86_64_21.0.7.v20250502-0916\jre\bin;C:\WINDOWS\SYSTEM32;C:\WINDOWS\WinSxS\amd64_microsoft.windows.common-controls_6595b64144ccf1df_6.0.26100.4768_none_3e0c112ce331287c;C:\Program Files (x86)\360\Total Security\safemon;D:\Raja\SW\spring-tool-sute\sts-4.31.0.RELEASE\plugins\org.eclipse.justj.openjdk.hotspot.jre.full.win32.x86_64_21.0.7.v20250502-0916\jre\bin\server;C:\Users\Admin\AppData\Local\Temp

VM Arguments:
jvm_args: -Dmaven.home=EMBEDDED -Dclassworlds.conf=D:\Raja\code\.metadata\.plugins\org.eclipse.m2e.launching\launches\m2conf18086112511544650112.tmp -Dmaven.multiModuleProjectDirectory=D:\Raja\code\employee\employee -Dm2e.build.project.data.socket.port=53054 -Dfile.encoding=UTF-8 -Dstdout.encoding=UTF-8 -Dstderr.encoding=UTF-8 -XX:+ShowCodeDetailsInExceptionMessages 
java_command: org.codehaus.plexus.classworlds.launcher.Launcher -B -Dmaven.test.skip=true -DskipTests -Dstyle.color=always -s D:\Raja\code\settings.xml
java_class_path (initial): D:\Raja\SW\spring-tool-sute\sts-4.31.0.RELEASE\plugins\org.eclipse.m2e.maven.runtime_3.9.900.20250220-2013\jars\plexus-classworlds-2.8.0.jar
Launcher Type: SUN_STANDARD

[Global flags]
     intx CICompilerCount                          = 4                                         {product} {ergonomic}
     uint ConcGCThreads                            = 2                                         {product} {ergonomic}
     uint G1ConcRefinementThreads                  = 8                                         {product} {ergonomic}
   size_t G1HeapRegionSize                         = 1048576                                   {product} {ergonomic}
    uintx GCDrainStackTargetSize                   = 64                                        {product} {ergonomic}
   size_t InitialHeapSize                          = 134217728                                 {product} {ergonomic}
   size_t MarkStackSize                            = 4194304                                   {product} {ergonomic}
   size_t MaxHeapSize                              = 2116026368                                {product} {ergonomic}
   size_t MaxNewSize                               = 1268776960                                {product} {ergonomic}
   size_t MinHeapDeltaBytes                        = 1048576                                   {product} {ergonomic}
   size_t MinHeapSize                              = 8388608                                   {product} {ergonomic}
    uintx NonNMethodCodeHeapSize                   = 5839372                                {pd product} {ergonomic}
    uintx NonProfiledCodeHeapSize                  = 122909434                              {pd product} {ergonomic}
    uintx ProfiledCodeHeapSize                     = 122909434                              {pd product} {ergonomic}
    uintx ReservedCodeCacheSize                    = 251658240                              {pd product} {ergonomic}
     bool SegmentedCodeCache                       = true                                      {product} {ergonomic}
     bool ShowCodeDetailsInExceptionMessages       = true                                   {manageable} {command line}
   size_t SoftMaxHeapSize                          = 2116026368                             {manageable} {ergonomic}
     bool UseCompressedOops                        = true                           {product lp64_product} {ergonomic}
     bool UseG1GC                                  = true                                      {product} {ergonomic}
     bool UseLargePagesIndividualAllocation        = false                                  {pd product} {ergonomic}

Logging:
Log output configuration:
 #0: stdout all=warning uptime,level,tags foldmultilines=false
 #1: stderr all=off uptime,level,tags foldmultilines=false

Environment Variables:
JAVA_HOME=C:\Program Files\Java\jdk-11.0.17
CLASSPATH=%CLASSPATH%%JUNIT_HOME%\JUNIT4.10.jarC:\JUNIT\JUNIT4.10.jarC:\JUNIT\JUNIT4.10.jar
PATH=D:/Raja/SW/spring-tool-sute/sts-4.31.0.RELEASE//plugins/org.eclipse.justj.openjdk.hotspot.jre.full.win32.x86_64_21.0.7.v20250502-0916/jre/bin/server;D:/Raja/SW/spring-tool-sute/sts-4.31.0.RELEASE//plugins/org.eclipse.justj.openjdk.hotspot.jre.full.win32.x86_64_21.0.7.v20250502-0916/jre/bin;C:\Program Files\Common Files\Oracle\Java\javapath;C:\WINDOWS\system32;C:\WINDOWS;C:\WINDOWS\System32\Wbem;C:\WINDOWS\System32\WindowsPowerShell\v1.0\;C:\WINDOWS\System32\OpenSSH\;C:\Program Files\dotnet\;C:\Program Files\Java\jdk-11.0.17\bin;D:\Raja\SW\apache-maven-3.8.7-bin\apache-maven-3.8.7\bin;C:\Program Files\Git\cmd;C:\Program Files\nodejs;C:\Users\Admin\AppData\Roaming\npm;C:\Program Files\PuTTY\;C:\Program Files\Docker\Docker\resources\bin;C:\Program Files\MySQL\MySQL Shell 8.0\bin\;C:\Users\Admin\AppData\Local\Microsoft\WindowsApps;"C:\Users\Admin\AppData\Local\Programs\Microsoft VS Code\bin;";;C:\Users\Admin\AppData\Local\Programs\Microsoft VS Code\bin;D:\Raja\SW\spring-tool-sute\sts-4.31.0.RELEASE;
USERNAME=Admin
OS=Windows_NT
PROCESSOR_IDENTIFIER=Intel64 Family 6 Model 142 Stepping 10, GenuineIntel
TMP=C:\Users\Admin\AppData\Local\Temp
TEMP=C:\Users\Admin\AppData\Local\Temp




Periodic native trim disabled

---------------  S Y S T E M  ---------------

OS:
 Windows 11 , 64 bit Build 26100 (10.0.26100.4768)
OS uptime: 1 days 9:34 hours
Hyper-V role detected

CPU: total 8 (initial active 8) (4 cores per cpu, 2 threads per core) family 6 model 142 stepping 10 microcode 0xe0, cx8, cmov, fxsr, ht, mmx, 3dnowpref, sse, sse2, sse3, ssse3, sse4.1, sse4.2, popcnt, lzcnt, tsc, tscinvbit, avx, avx2, aes, erms, clmul, bmi1, bmi2, rtm, adx, fma, vzeroupper, clflush, clflushopt, hv, rdtscp, f16c
Processor Information for the first 8 processors :
  Max Mhz: 1896, Current Mhz: 1696, Mhz Limit: 1687

Memory: 4k page, system-wide physical 8071M (509M free)
TotalPageFile size 14171M (AvailPageFile size 5M)
current process WorkingSet (physical memory assigned to process): 110M, peak: 111M
current process commit charge ("private bytes"): 239M, peak: 240M

vm_info: OpenJDK 64-Bit Server VM (21.0.7+6-LTS) for windows-amd64 JRE (21.0.7+6-LTS), built on 2025-04-15T00:00:00Z by "admin" with MS VC++ 17.7 (VS2022)

END.
